[01:48:57] [main/INFO]: Loading Minecraft 1.20.1 with Fabric Loader 0.16.10
[01:48:57] [main/INFO]: Loading 49 mods:
	- attributefix 21.0.4
	- fabric-api 0.92.5+1.20.1
	   |-- fabric-api-base 0.4.32+1802ada577
	   |-- fabric-api-lookup-api-v1 1.6.37+1802ada577
	   |-- fabric-biome-api-v1 13.0.14+1802ada577
	   |-- fabric-block-api-v1 1.0.12+1802ada577
	   |-- fabric-block-view-api-v2 1.0.3+924f046a77
	   |-- fabric-blockrenderlayer-v1 1.1.42+1802ada577
	   |-- fabric-client-tags-api-v1 1.1.3+1802ada577
	   |-- fabric-command-api-v1 1.2.35+f71b366f77
	   |-- fabric-command-api-v2 2.2.14+1802ada577
	   |-- fabric-commands-v0 0.2.52+df3654b377
	   |-- fabric-containers-v0 0.1.66+df3654b377
	   |-- fabric-content-registries-v0 4.0.13+1802ada577
	   |-- fabric-convention-tags-v1 1.5.6+1802ada577
	   |-- fabric-crash-report-info-v1 0.2.20+1802ada577
	   |-- fabric-data-attachment-api-v1 1.0.2+de0fd6d177
	   |-- fabric-data-generation-api-v1 12.3.6+1802ada577
	   |-- fabric-dimensions-v1 2.1.55+1802ada577
	   |-- fabric-entity-events-v1 1.6.1+1c78457f77
	   |-- fabric-events-interaction-v0 0.6.4+13a40c6677
	   |-- fabric-events-lifecycle-v0 0.2.64+df3654b377
	   |-- fabric-game-rule-api-v1 1.0.41+1802ada577
	   |-- fabric-item-api-v1 2.1.29+1802ada577
	   |-- fabric-item-group-api-v1 4.0.14+1802ada577
	   |-- fabric-key-binding-api-v1 1.0.38+1802ada577
	   |-- fabric-keybindings-v0 0.2.36+df3654b377
	   |-- fabric-lifecycle-events-v1 2.2.23+1802ada577
	   |-- fabric-loot-api-v2 1.2.3+1802ada577
	   |-- fabric-loot-tables-v1 1.1.47+9e7660c677
	   |-- fabric-message-api-v1 5.1.10+1802ada577
	   |-- fabric-mining-level-api-v1 2.1.52+1802ada577
	   |-- fabric-model-loading-api-v1 1.0.4+1802ada577
	   |-- fabric-models-v0 0.4.3+9386d8a777
	   |-- fabric-networking-api-v1 1.3.13+13a40c6677
	   |-- fabric-networking-v0 0.3.53+df3654b377
	   |-- fabric-object-builder-api-v1 11.1.5+e35120df77
	   |-- fabric-particles-v1 1.1.3+1802ada577
	   |-- fabric-recipe-api-v1 1.0.23+1802ada577
	   |-- fabric-registry-sync-v0 2.3.5+1802ada577
	   |-- fabric-renderer-api-v1 3.2.2+1802ada577
	   |-- fabric-renderer-indigo 1.5.3+85287f9f77
	   |-- fabric-renderer-registries-v1 3.2.47+df3654b377
	   |-- fabric-rendering-data-attachment-v1 0.3.39+92a0d36777
	   |-- fabric-rendering-fluids-v1 3.0.29+1802ada577
	   |-- fabric-rendering-v0 1.1.50+df3654b377
	   |-- fabric-rendering-v1 3.0.9+1802ada577
	   |-- fabric-resource-conditions-api-v1 2.3.9+1802ada577
	   |-- fabric-resource-loader-v0 0.11.12+fb82e9d777
	   |-- fabric-screen-api-v1 2.0.9+1802ada577
	   |-- fabric-screen-handler-api-v1 1.3.32+1802ada577
	   |-- fabric-sound-api-v1 1.0.14+1802ada577
	   |-- fabric-transfer-api-v1 3.3.6+8dd72ea377
	   \-- fabric-transitive-access-wideners-v1 4.3.2+1802ada577
	- fabricloader 0.16.10
	   \-- mixinextras 0.4.1
	- geckolib 4.7.1.2
	   \-- com_eliotlash_mclib_mclib 20
	- java 17
	- minecraft 1.20.1
	- ranged_weapon_api 1.1.4+1.20.1
	- soulsweapons 1.2.4-1.20.1-fabric
[01:48:57] [main/INFO]: SpongePowered MIXIN Subsystem Version=0.8.7 Source=file:/workspaces/panaserver/servidor_minecraft/libraries/net/fabricmc/sponge-mixin/0.15.4+mixin.0.8.7/sponge-mixin-0.15.4+mixin.0.8.7.jar Service=Knot/Fabric Env=SERVER
[01:48:57] [main/INFO]: Compatibility level set to JAVA_17
[01:48:58] [main/INFO]: Initializing MixinExtras via com.llamalad7.mixinextras.service.MixinExtrasServiceImpl(version=0.4.1).
[01:49:04] [main/INFO]: Config initialized!
[01:49:04] [main/INFO]: Successfully initialized Geckolib!
[01:49:04] [main/INFO]: Successfully registered SoulsWeapons content!
[01:49:04] [main/INFO]: Successfully registered built-in 2D model resourcepack!
[01:49:04] [main/INFO]: Successfully registered built-in Legacy 2D Models resourcepack!
[01:49:04] [main/INFO]: Successfully registered built-in Legacy 3D Models resourcepack!
[01:49:04] [main/INFO]: Successfully registered built-in Fresh Animations Compat. resourcepack!
[01:49:04] [main/INFO]: Initializing done, time taken: 264ms
[01:49:04] [main/INFO]: Environment: authHost='https://authserver.mojang.com', accountsHost='https://api.mojang.com', sessionHost='https://sessionserver.mojang.com', servicesHost='https://api.minecraftservices.com', name='PROD'
[01:49:06] [main/INFO]: Loaded 7 recipes
[01:49:06] [main/INFO]: Loaded 1422 advancements
[01:49:07] [main/INFO]: Applied 169 biome modifications to 58 of 64 new biomes in 11.29 ms
[01:49:07] [Server thread/INFO]: Starting minecraft server version 1.20.1
[01:49:07] [Server thread/INFO]: Loading properties
[01:49:07] [Server thread/INFO]: Default game type: SURVIVAL
[01:49:07] [Server thread/INFO]: Generating keypair
[01:49:07] [Server thread/INFO]: Starting Minecraft server on *:25565
[01:49:07] [Server thread/INFO]: Using epoll channel type
[01:49:07] [Server thread/WARN]: **** SERVER IS RUNNING IN OFFLINE/INSECURE MODE!
[01:49:07] [Server thread/WARN]: The server will make no attempt to authenticate usernames. Beware.
[01:49:07] [Server thread/WARN]: While this makes the game possible to play without internet access, it also opens up the ability for hackers to connect with any username they choose.
[01:49:07] [Server thread/WARN]: To change this, set "online-mode" to "true" in the server.properties file.
[01:49:07] [Server thread/INFO]: Preparing level "world"
[01:49:12] [Server thread/INFO]: Preparing start region for dimension minecraft:overworld
[01:49:13] [Worker-Main-2/INFO]: Preparing spawn area: 0%
[01:49:13] [Worker-Main-2/INFO]: Preparing spawn area: 0%
[01:49:13] [Worker-Main-3/INFO]: Preparing spawn area: 0%
[01:49:14] [Worker-Main-2/INFO]: Preparing spawn area: 0%
[01:49:15] [Worker-Main-2/INFO]: Preparing spawn area: 0%
[01:49:15] [Worker-Main-2/INFO]: Preparing spawn area: 0%
[01:49:15] [Worker-Main-2/INFO]: Preparing spawn area: 0%
[01:49:16] [Worker-Main-3/INFO]: Preparing spawn area: 0%
[01:49:16] [Worker-Main-1/INFO]: Preparing spawn area: 1%
[01:49:17] [Worker-Main-3/INFO]: Preparing spawn area: 2%
[01:49:17] [Worker-Main-3/INFO]: Preparing spawn area: 4%
[01:49:18] [Worker-Main-2/INFO]: Preparing spawn area: 5%
[01:49:18] [Worker-Main-3/INFO]: Preparing spawn area: 7%
[01:49:19] [Worker-Main-2/INFO]: Preparing spawn area: 9%
[01:49:19] [Worker-Main-1/INFO]: Preparing spawn area: 10%
[01:49:20] [Worker-Main-2/INFO]: Preparing spawn area: 13%
[01:49:20] [Worker-Main-3/INFO]: Preparing spawn area: 16%
[01:49:21] [Worker-Main-2/INFO]: Preparing spawn area: 18%
[01:49:21] [Worker-Main-1/INFO]: Preparing spawn area: 22%
[01:49:22] [Worker-Main-2/INFO]: Preparing spawn area: 24%
[01:49:22] [Worker-Main-2/INFO]: Preparing spawn area: 26%
[01:49:23] [Worker-Main-1/INFO]: Preparing spawn area: 29%
[01:49:23] [Worker-Main-1/INFO]: Preparing spawn area: 32%
[01:49:24] [Worker-Main-2/INFO]: Preparing spawn area: 35%
[01:49:24] [Worker-Main-1/INFO]: Preparing spawn area: 38%
[01:49:25] [Worker-Main-2/INFO]: Preparing spawn area: 41%
[01:49:25] [Worker-Main-1/INFO]: Preparing spawn area: 44%
[01:49:26] [Worker-Main-2/INFO]: Preparing spawn area: 46%
[01:49:26] [Worker-Main-2/INFO]: Preparing spawn area: 49%
[01:49:27] [Worker-Main-2/INFO]: Preparing spawn area: 53%
[01:49:27] [Worker-Main-3/INFO]: Preparing spawn area: 56%
[01:49:28] [Worker-Main-2/INFO]: Preparing spawn area: 59%
[01:49:28] [Worker-Main-1/INFO]: Preparing spawn area: 62%
[01:49:29] [Worker-Main-3/INFO]: Preparing spawn area: 64%
[01:49:29] [Worker-Main-1/INFO]: Preparing spawn area: 68%
[01:49:30] [Worker-Main-1/INFO]: Preparing spawn area: 70%
[01:49:30] [Worker-Main-1/INFO]: Preparing spawn area: 73%
[01:49:31] [Worker-Main-3/INFO]: Preparing spawn area: 76%
[01:49:31] [Worker-Main-2/INFO]: Preparing spawn area: 79%
[01:49:32] [Worker-Main-3/INFO]: Preparing spawn area: 82%
[01:49:32] [Worker-Main-3/INFO]: Preparing spawn area: 84%
[01:49:33] [Worker-Main-3/INFO]: Preparing spawn area: 87%
[01:49:33] [Worker-Main-1/INFO]: Preparing spawn area: 90%
[01:49:34] [Worker-Main-3/INFO]: Preparing spawn area: 92%
[01:49:34] [Worker-Main-2/INFO]: Preparing spawn area: 96%
[01:49:35] [Worker-Main-2/INFO]: Preparing spawn area: 99%
[01:49:35] [Server thread/INFO]: Time elapsed: 22578 ms
[01:49:35] [Server thread/INFO]: Done (27.982s)! For help, type "help"
[01:49:35] [Server thread/INFO]: Loaded values for 15 compatible attributes.
[01:49:35] [Server thread/INFO]: Creating a new config file at /workspaces/panaserver/servidor_minecraft/./config/attributefix.json.
[01:49:35] [Server thread/INFO]: Saving config file. 15 entries.
[01:49:35] [Server thread/INFO]: Applying changes for 15 attributes.
[01:51:59] [Server thread/INFO]: [Not Secure] [Server] pene
[01:57:27] [Server thread/INFO]: [Not Secure] [Server] webazoo
[01:58:08] [Server thread/INFO]: MadaraUchiha2909[/127.95.82.55:41379] logged in with entity id 279 at (-159.5, 65.0, 102.5)
[01:58:08] [Server thread/INFO]: MadaraUchiha2909 joined the game
[01:58:39] [Server thread/INFO]: Made MadaraUchiha2909 a server operator
[01:58:49] [Server thread/INFO]: [MadaraUchiha2909: Set own game mode to Creative Mode]
