[01:22:31] [main/INFO] ========================================
[01:22:31] [main/INFO] Minecraft: 1.20.1
[01:22:31] [main/INFO] Side: server
[01:22:31] [main/INFO] Development: false
[01:22:31] [main/INFO] Version: 12.1.785
[01:22:31] [main/INFO] Loader:
[01:22:31] [main/INFO] - Fabric: 0.16.10
[01:22:31] [main/INFO] - Fabric API: 0.92.5+1.20.1
[01:22:31] [main/INFO] Dependencies:
[01:22:31] [main/INFO] - Cloth Config: 11.1.136
[01:22:31] [main/INFO] - Architectury: 9.2.14
[01:22:31] [main/INFO] Mixin: 0.8.7
[01:22:31] [main/INFO] OS: Linux 6.8.0-1027-azure (amd64)
[01:22:31] [main/INFO] Java: 17.0.15 (Ubuntu)
[01:22:31] [main/INFO] ========================================
[01:22:31] [main/INFO] Mods:
[01:22:31] [main/INFO] - accessories: 1.0.0-beta.47+1.20.1
[01:22:31] [main/INFO] - advancednetherite: 2.1.3-1.20.1
[01:22:31] [main/INFO] - alloy_forgery: 2.1.2+1.20
[01:22:31] [main/INFO] - amendments: 1.20-1.2.19
[01:22:31] [main/INFO] - appleskin: 2.5.1+mc1.20
[01:22:31] [main/INFO] - aquamirae: 6
[01:22:31] [main/INFO] - architectury: 9.2.14
[01:22:31] [main/INFO] - artifacts: 9.5.15
[01:22:31] [main/INFO] - athena: 3.1.1
[01:22:31] [main/INFO] - attributefix: 21.0.4
[01:22:31] [main/INFO] - automobility: 0.4.2+1.20.1-fabric
[01:22:31] [main/INFO] - balm: 7.3.30
[01:22:31] [main/INFO] - betterarcheology: 1.2.1-1.20.1
[01:22:31] [main/INFO] - bettercombat: 1.8.6+1.20.1
[01:22:31] [main/INFO] - bettervillage: 3.3.1
[01:22:31] [main/INFO] - blue_endless_jankson: 1.2.3
[01:22:31] [main/INFO] - bookshelf: 20.2.13
[01:22:31] [main/INFO] - cardinal-components-base: 5.2.2
[01:22:31] [main/INFO] - cardinal-components-entity: 5.2.2
[01:22:31] [main/INFO] - cicada: 0.13.0+1.20.1
[01:22:31] [main/INFO] - cloth-basic-math: 0.6.1
[01:22:31] [main/INFO] - cloth-config: 11.1.136
[01:22:31] [main/INFO] - cloth-config: 11.1.136
[01:22:31] [main/INFO] - collective: 8.3
[01:22:31] [main/INFO] - com_electronwill_night-config_core: 3.6.7
[01:22:31] [main/INFO] - com_electronwill_night-config_toml: 3.6.7
[01:22:31] [main/INFO] - com_eliotlash_mclib_mclib: 20
[01:22:31] [main/INFO] - com_fasterxml_jackson_core_jackson-annotations: 2.15.2
[01:22:31] [main/INFO] - com_fasterxml_jackson_core_jackson-core: 2.15.2
[01:22:31] [main/INFO] - com_fasterxml_jackson_core_jackson-databind: 2.15.2
[01:22:31] [main/INFO] - com_google_code_findbugs_jsr305: 3.0.2
[01:22:31] [main/INFO] - com_teamresourceful_bytecodecs: 1.0.2
[01:22:31] [main/INFO] - com_teamresourceful_yabn: 1.0.3
[01:22:31] [main/INFO] - com_twelvemonkeys_common_common-image: 3.12.0
[01:22:31] [main/INFO] - com_twelvemonkeys_common_common-io: 3.12.0
[01:22:31] [main/INFO] - com_twelvemonkeys_common_common-lang: 3.12.0
[01:22:31] [main/INFO] - com_twelvemonkeys_imageio_imageio-core: 3.12.0
[01:22:31] [main/INFO] - com_twelvemonkeys_imageio_imageio-metadata: 3.12.0
[01:22:31] [main/INFO] - com_twelvemonkeys_imageio_imageio-webp: 3.12.0
[01:22:31] [main/INFO] - combatroll: 1.3.3+1.20.1
[01:22:31] [main/INFO] - commonnetworking: 1.0.5-1.20.1
[01:22:31] [main/INFO] - coroutil: 1.20.1-1.3.7
[01:22:31] [main/INFO] - create: 0.5.1-j-build.1631+mc1.20.1
[01:22:31] [main/INFO] - creativecore: 2.12.33
[01:22:31] [main/INFO] - cristellib: 1.1.5
[01:22:31] [main/INFO] - customportalapi: 0.0.1-beta64-1.20
[01:22:31] [main/INFO] - deeperdarker: 1.3.3
[01:22:31] [main/INFO] - disenchanting_table: 5.0.2
[01:22:31] [main/INFO] - do_a_barrel_roll: 3.6.1+1.20.1
[01:22:31] [main/INFO] - dripstone_fluid_lib: 3.0.2
[01:22:31] [main/INFO] - easyanvils: 8.0.2
[01:22:31] [main/INFO] - easymagic: 8.0.1
[01:22:31] [main/INFO] - emotecraft: 2.2.7-b.build.50
[01:22:31] [main/INFO] - enhancedvisuals: 1.8.2
[01:22:31] [main/INFO] - error_notifier: 1.0.9
[01:22:31] [main/INFO] - expandability: 9.0.4
[01:22:31] [main/INFO] - exposure: 1.7.15
[01:22:31] [main/INFO] - extensibleenums: 7.0.1
[01:22:31] [main/INFO] - fabric-api: 0.92.5+1.20.1
[01:22:31] [main/INFO] - fabric-api: 0.92.5+1.20.1
[01:22:31] [main/INFO] - fabric-api-base: 0.4.32+1802ada577
[01:22:31] [main/INFO] - fabric-api-lookup-api-v1: 1.6.37+1802ada577
[01:22:31] [main/INFO] - fabric-biome-api-v1: 13.0.14+1802ada577
[01:22:31] [main/INFO] - fabric-block-api-v1: 1.0.12+1802ada577
[01:22:31] [main/INFO] - fabric-block-view-api-v2: 1.0.3+924f046a77
[01:22:31] [main/INFO] - fabric-command-api-v1: 1.2.35+f71b366f77
[01:22:31] [main/INFO] - fabric-command-api-v2: 2.2.14+1802ada577
[01:22:31] [main/INFO] - fabric-commands-v0: 0.2.52+df3654b377
[01:22:31] [main/INFO] - fabric-containers-v0: 0.1.66+df3654b377
[01:22:31] [main/INFO] - fabric-content-registries-v0: 4.0.13+1802ada577
[01:22:31] [main/INFO] - fabric-convention-tags-v1: 1.5.6+1802ada577
[01:22:31] [main/INFO] - fabric-crash-report-info-v1: 0.2.20+1802ada577
[01:22:31] [main/INFO] - fabric-data-attachment-api-v1: 1.0.2+de0fd6d177
[01:22:31] [main/INFO] - fabric-data-generation-api-v1: 12.3.6+1802ada577
[01:22:31] [main/INFO] - fabric-dimensions-v1: 2.1.55+1802ada577
[01:22:31] [main/INFO] - fabric-entity-events-v1: 1.6.1+1c78457f77
[01:22:31] [main/INFO] - fabric-events-interaction-v0: 0.6.4+13a40c6677
[01:22:31] [main/INFO] - fabric-events-lifecycle-v0: 0.2.64+df3654b377
[01:22:31] [main/INFO] - fabric-game-rule-api-v1: 1.0.41+1802ada577
[01:22:31] [main/INFO] - fabric-item-api-v1: 2.1.29+1802ada577
[01:22:31] [main/INFO] - fabric-item-group-api-v1: 4.0.14+1802ada577
[01:22:31] [main/INFO] - fabric-language-kotlin: 1.13.3+kotlin.2.1.21
[01:22:31] [main/INFO] - fabric-lifecycle-events-v1: 2.2.23+1802ada577
[01:22:31] [main/INFO] - fabric-loot-api-v2: 1.2.3+1802ada577
[01:22:31] [main/INFO] - fabric-loot-tables-v1: 1.1.47+9e7660c677
[01:22:31] [main/INFO] - fabric-message-api-v1: 5.1.10+1802ada577
[01:22:31] [main/INFO] - fabric-mining-level-api-v1: 2.1.52+1802ada577
[01:22:31] [main/INFO] - fabric-networking-api-v1: 1.3.13+13a40c6677
[01:22:31] [main/INFO] - fabric-networking-v0: 0.3.53+df3654b377
[01:22:31] [main/INFO] - fabric-object-builder-api-v1: 11.1.5+e35120df77
[01:22:31] [main/INFO] - fabric-particles-v1: 1.1.3+1802ada577
[01:22:31] [main/INFO] - fabric-permissions-api-v0: 0.2-SNAPSHOT
[01:22:31] [main/INFO] - fabric-recipe-api-v1: 1.0.23+1802ada577
[01:22:31] [main/INFO] - fabric-registry-sync-v0: 2.3.5+1802ada577
[01:22:31] [main/INFO] - fabric-rendering-data-attachment-v1: 0.3.39+92a0d36777
[01:22:31] [main/INFO] - fabric-rendering-fluids-v1: 3.0.29+1802ada577
[01:22:31] [main/INFO] - fabric-resource-conditions-api-v1: 2.3.9+1802ada577
[01:22:31] [main/INFO] - fabric-resource-loader-v0: 0.11.12+fb82e9d777
[01:22:31] [main/INFO] - fabric-screen-handler-api-v1: 1.3.32+1802ada577
[01:22:31] [main/INFO] - fabric-transfer-api-v1: 3.3.6+8dd72ea377
[01:22:31] [main/INFO] - fabric-transitive-access-wideners-v1: 4.3.2+1802ada577
[01:22:31] [main/INFO] - fabricloader: 0.16.10
[01:22:31] [main/INFO] - fantasy_armor: 0.7-1.20.1
[01:22:31] [main/INFO] - farmersdelight: 1.20.1-2.3.0+refabricated
[01:22:31] [main/INFO] - forgeconfigapiport: 8.0.2
[01:22:31] [main/INFO] - geckolib: 4.7.1.2
[01:22:31] [main/INFO] - geophilic: 3.4.1
[01:22:31] [main/INFO] - glitchcore: 0.0.1.1
[01:22:31] [main/INFO] - graveyard: 3.0
[01:22:31] [main/INFO] - handcrafted: 3.0.6
[01:22:31] [main/INFO] - hybrid-aquatic: 1.4.4
[01:22:31] [main/INFO] - iammusicplayer: 3.22.0-alpha.5
[01:22:31] [main/INFO] - iceberg: 1.1.25
[01:22:31] [main/INFO] - immersive_aircraft: 1.2.2+1.20.1
[01:22:31] [main/INFO] - io_wispforest_endec: 0.1.8
[01:22:31] [main/INFO] - io_wispforest_endec_gson: 0.1.5
[01:22:31] [main/INFO] - io_wispforest_endec_netty: 0.1.4
[01:22:31] [main/INFO] - jade: 11.12.3+fabric
[01:22:31] [main/INFO] - java: 17
[01:22:31] [main/INFO] - jsonem: 0.2.1+1.20
[01:22:31] [main/INFO] - justhammers: 20.1.5+mc1.20.1
[01:22:31] [main/INFO] - keybind_fix: 1.0.0
[01:22:31] [main/INFO] - knightlib: 1.2.0
[01:22:31] [main/INFO] - knightquest: 1.8.5
[01:22:31] [main/INFO] - kuma_api: 20.1.10
[01:22:31] [main/INFO] - libraryferret: 4.0.0
[01:22:31] [main/INFO] - libz: 1.0.3
[01:22:31] [main/INFO] - lightmanscurrency: 1.20.1-1.0.2.4
[01:22:31] [main/INFO] - lootr: 0.7.35.85
[01:22:31] [main/INFO] - medieval_buildings: 1.1.1
[01:22:31] [main/INFO] - mes: 1.3.4-1.20-fabric
[01:22:31] [main/INFO] - midnightlib: 1.4.1
[01:22:31] [main/INFO] - milk: 1.2.60
[01:22:31] [main/INFO] - minecraft: 1.20.1
[01:22:31] [main/INFO] - mixinextras: 0.4.1
[01:22:31] [main/INFO] - mixinsquared: 0.1.1
[01:22:31] [main/INFO] - mm: 2.3
[01:22:31] [main/INFO] - mns: 1.0.1-1.20-fabric
[01:22:31] [main/INFO] - monolib: 2.1.0
[01:22:31] [main/INFO] - moonlight: 1.20-2.14.1
[01:22:31] [main/INFO] - moretotems: 2.16.0
[01:22:31] [main/INFO] - mr_dungeons: 1.8.4b
[01:22:31] [main/INFO] - mr_dungeons_andtaverns: 3.0.3.f
[01:22:31] [main/INFO] - mr_true_ending: 1-v1.1.0c
[01:22:31] [main/INFO] - mru: 1.0.4+1.20.1+fabric
[01:22:31] [main/INFO] - mss: 1.2.7-1.20-fabric
[01:22:31] [main/INFO] - mutantmonsters: 8.0.7
[01:22:31] [main/INFO] - net_jodah_typetools: 0.6.3
[01:22:31] [main/INFO] - net_minecraftforge_eventbus: 6.0.3
[01:22:31] [main/INFO] - nyfsspiders: 2.1.1
[01:22:31] [main/INFO] - obscure_api: 16
[01:22:31] [main/INFO] - org_javassist_javassist: 3.29.2-GA
[01:22:31] [main/INFO] - org_jetbrains_kotlin_kotlin-reflect: 2.1.21
[01:22:31] [main/INFO] - org_jetbrains_kotlin_kotlin-stdlib: 2.1.21
[01:22:31] [main/INFO] - org_jetbrains_kotlin_kotlin-stdlib-jdk7: 2.1.21
[01:22:31] [main/INFO] - org_jetbrains_kotlin_kotlin-stdlib-jdk8: 2.1.21
[01:22:31] [main/INFO] - org_jetbrains_kotlinx_atomicfu-jvm: 0.27.0
[01:22:31] [main/INFO] - org_jetbrains_kotlinx_kotlinx-coroutines-core-jvm: 1.10.2
[01:22:31] [main/INFO] - org_jetbrains_kotlinx_kotlinx-coroutines-jdk8: 1.10.2
[01:22:31] [main/INFO] - org_jetbrains_kotlinx_kotlinx-datetime-jvm: 0.6.2
[01:22:31] [main/INFO] - org_jetbrains_kotlinx_kotlinx-io-bytestring-jvm: 0.7.0
[01:22:31] [main/INFO] - org_jetbrains_kotlinx_kotlinx-io-core-jvm: 0.7.0
[01:22:31] [main/INFO] - org_jetbrains_kotlinx_kotlinx-serialization-cbor-jvm: 1.8.1
[01:22:31] [main/INFO] - org_jetbrains_kotlinx_kotlinx-serialization-core-jvm: 1.8.1
[01:22:31] [main/INFO] - org_jetbrains_kotlinx_kotlinx-serialization-json-jvm: 1.8.1
[01:22:31] [main/INFO] - org_mariuszgromada_math_mathparser_org-mxparser: 5.2.1
[01:22:31] [main/INFO] - org_quiltmc_parsers_gson: 0.2.1
[01:22:31] [main/INFO] - org_quiltmc_parsers_json: 0.2.1
[01:22:31] [main/INFO] - org_reflections_reflections: 0.10.2
[01:22:31] [main/INFO] - org_yaml_snakeyaml: 2.2
[01:22:31] [main/INFO] - otyacraftengine: 3.7.0-alpha.2
[01:22:31] [main/INFO] - owo: 0.11.2+1.20
[01:22:31] [main/INFO] - player-animator: 1.0.2-rc1+1.20
[01:22:31] [main/INFO] - porting_lib_accessors: 2.3.8+1.20.1
[01:22:31] [main/INFO] - porting_lib_attributes: 2.3.8+1.20.1
[01:22:31] [main/INFO] - porting_lib_base: 2.3.8+1.20.1
[01:22:31] [main/INFO] - porting_lib_brewing: 2.3.8+1.20.1
[01:22:31] [main/INFO] - porting_lib_client_events: 2.3.8+1.20.1
[01:22:31] [main/INFO] - porting_lib_common: 2.3.8+1.20.1
[01:22:31] [main/INFO] - porting_lib_config: 2.3.8+1.20.1
[01:22:31] [main/INFO] - porting_lib_core: 2.3.8+1.20.1
[01:22:31] [main/INFO] - porting_lib_data: 2.1.1090+1.20
[01:22:31] [main/INFO] - porting_lib_entity: 2.3.8+1.20.1
[01:22:31] [main/INFO] - porting_lib_extensions: 2.3.8+1.20.1
[01:22:31] [main/INFO] - porting_lib_fluids: 2.3.8+1.20.1
[01:22:31] [main/INFO] - porting_lib_gametest: 2.1.1090+1.20
[01:22:31] [main/INFO] - porting_lib_gui_utils: 2.3.8+1.20.1
[01:22:31] [main/INFO] - porting_lib_lazy_registration: 2.3.8+1.20.1
[01:22:31] [main/INFO] - porting_lib_loot: 2.3.8+1.20.1
[01:22:31] [main/INFO] - porting_lib_mixin_extensions: 2.3.8+1.20.1
[01:22:31] [main/INFO] - porting_lib_model_generators: 2.1.1090+1.20
[01:22:31] [main/INFO] - porting_lib_model_loader: 2.3.8+1.20.1
[01:22:31] [main/INFO] - porting_lib_model_materials: 2.1.1090+1.20
[01:22:31] [main/INFO] - porting_lib_models: 2.3.8+1.20.1
[01:22:31] [main/INFO] - porting_lib_networking: 2.3.8+1.20.1
[01:22:31] [main/INFO] - porting_lib_obj_loader: 2.3.8+1.20.1
[01:22:31] [main/INFO] - porting_lib_recipe_book_categories: 2.3.8+1.20.1
[01:22:31] [main/INFO] - porting_lib_tags: 3.0
[01:22:31] [main/INFO] - porting_lib_tool_actions: 2.3.8+1.20.1
[01:22:31] [main/INFO] - porting_lib_transfer: 2.3.8+1.20.1
[01:22:31] [main/INFO] - porting_lib_utility: 2.3.8+1.20.1
[01:22:31] [main/INFO] - puzzlesaccessapi: 20.1.1
[01:22:31] [main/INFO] - puzzleslib: 8.1.32
[01:22:31] [main/INFO] - ranged_weapon_api: 1.1.4+1.20.1
[01:22:31] [main/INFO] - reach-entity-attributes: 2.4.0
[01:22:31] [main/INFO] - registrate-fabric: 1.3.79-MC1.20.1
[01:22:31] [main/INFO] - resourcefulconfig: 2.1.3
[01:22:31] [main/INFO] - resourcefullib: 2.1.29
[01:22:31] [main/INFO] - ribbits: 1.20.1-Fabric-3.0.4
[01:22:31] [main/INFO] - roughlyenoughitems: 12.1.785
[01:22:31] [main/INFO] - simplyswords: 1.56.0-1.20.1
[01:22:31] [main/INFO] - sortilege: 1.6.4
[01:22:31] [main/INFO] - soulsweapons: 1.2.4-1.20.1-fabric
[01:22:31] [main/INFO] - sound_physics_remastered: 1.20.1-1.4.12
[01:22:31] [main/INFO] - spawnanimations: 1.10.1+mod
[01:22:31] [main/INFO] - stackrefill: 4.7
[01:22:31] [main/INFO] - step-height-entity-attribute: 1.2.0
[01:22:31] [main/INFO] - supermartijn642configlib: 1.1.8+a
[01:22:31] [main/INFO] - supplementaries: 1.20-3.1.29
[01:22:31] [main/INFO] - t_and_t: 1.12
[01:22:31] [main/INFO] - the_bumblezone: 7.7.3+1.20.1-fabric
[01:22:31] [main/INFO] - toms_storage: 1.7.1
[01:22:31] [main/INFO] - toolstats: 16.0.9
[01:22:31] [main/INFO] - trashslot: 15.1.1
[01:22:31] [main/INFO] - travelersbackpack: 9.1.36
[01:22:31] [main/INFO] - trinkets: 3.7.2
[01:22:31] [main/INFO] - useless_coins: 0.0.2-1.20.1
[01:22:31] [main/INFO] - villagesandpillages: 1.0.2
[01:22:31] [main/INFO] - visualworkbench: 8.0.0
[01:22:31] [main/INFO] - voidtotem: 3.0.1
[01:22:31] [main/INFO] - waterframes: 2.1.12c
[01:22:31] [main/INFO] - watermedia: 2.1.24
[01:22:31] [main/INFO] - watut: 1.20.1-1.2.3
[01:22:31] [main/INFO] - xaerominimap: 25.2.6
[01:22:31] [main/INFO] - xaeroworldmap: 1.39.9
[01:22:31] [main/INFO] - xercamusic: fabric-1.20.1-1.0.2
[01:22:31] [main/INFO] - yet_another_config_lib_v3: 3.6.6+1.20.1-fabric
[01:22:31] [main/INFO] - yungsapi: 1.20-Fabric-4.0.6
[01:22:31] [main/INFO] ========================================
[01:22:31] [main/INFO] [REI] Registered plugin provider ServerREIPlugin [farmersdelight] for REIPlugin
[01:22:31] [main/INFO] [REI] Registered plugin provider AlloyForgeryCommonPlugin [alloy_forgery] for REIPlugin
[01:22:31] [main/INFO] [REI] Registered plugin provider DefaultPlugin [roughlyenoughitems] for REIPlugin
[01:22:31] [main/INFO] [REI] Registered plugin provider DefaultRuntimePlugin [roughlyenoughitems] for REIPlugin
[01:22:31] [main/INFO] [REI] Registered plugin provider ServerREIPlugin [farmersdelight] for REIServerPlugin
[01:22:31] [main/INFO] [REI] Registered plugin provider AlloyForgeryCommonPlugin [alloy_forgery] for REIServerPlugin
[01:22:31] [main/INFO] [REI] Registered plugin provider DefaultPlugin [roughlyenoughitems] for REIServerPlugin
[01:22:31] [main/INFO] [REI] Registered plugin provider DefaultRuntimePlugin [roughlyenoughitems] for REIServerPlugin
[01:22:31] [main/INFO] [REI] Registered plugin provider FabricFluidAPISupportPlugin for REIServerPlugin
[01:22:31] [main/INFO] [REI] Registered plugin provider FabricFluidAPISupportPlugin for REIPlugin
